    _fixup_main_from_path(data['init_main_from_path'])
  File "C:\Users\User\miniforge3\Lib\multiprocessing\spawn.py", line 297, in _fixup_main_from_path
    main_content = runpy.run_path(main_path,
                   ^^^^^^^^^^^^^^^^^^^^^^^^^
  File "<frozen runpy>", line 287, in run_path
  File "<frozen runpy>", line 98, in _run_module_code
  File "<frozen runpy>", line 88, in _run_code
  File "D:\tmp\proto_interp.py", line 48, in <module>
    idata = pm.sample(draws=200, tune=200, chains=2, progressbar=False, random_seed=1)
            ^^^^^^^^^^^^^^^^^^^^^^^^^^^^^^^^^^^^^^^^^^^^^^^^^^^^^^^^^^^^^^^^^^^^^^^^^^
  File "C:\Users\User\miniforge3\Lib\site-packages\pymc\sampling\mcmc.py", line 962, in sample
    _mp_sample(**sample_args, **parallel_args)
  File "C:\Users\User\miniforge3\Lib\site-packages\pymc\sampling\mcmc.py", line 1470, in _mp_sample
    sampler = ps.ParallelSampler(
              ^^^^^^^^^^^^^^^^^^^
  File "C:\Users\User\miniforge3\Lib\site-packages\pymc\sampling\parallel.py", line 480, in __init__
    ProcessAdapter(
  File "C:\Users\User\miniforge3\Lib\site-packages\pymc\sampling\parallel.py", line 342, in __init__
    self._process.start()
  File "C:\Users\User\miniforge3\Lib\multiprocessing\process.py", line 121, in start
    self._popen = self._Popen(self)
                  ^^^^^^^^^^^^^^^^^
  File "C:\Users\User\miniforge3\Lib\multiprocessing\context.py", line 337, in _Popen
    return Popen(process_obj)
           ^^^^^^^^^^^^^^^^^^
  File "C:\Users\User\miniforge3\Lib\multiprocessing\popen_spawn_win32.py", line 46, in __init__
    prep_data = spawn.get_preparation_data(process_obj._name)
                ^^^^^^^^^^^^^^^^^^^^^^^^^^^^^^^^^^^^^^^^^^^^^
  File "C:\Users\User\miniforge3\Lib\multiprocessing\spawn.py", line 164, in get_preparation_data
    _check_not_importing_main()
  File "C:\Users\User\miniforge3\Lib\multiprocessing\spawn.py", line 140, in _check_not_importing_main
    raise RuntimeError('''
RuntimeError: 
        An attempt has been made to start a new process before the
        current process has finished its bootstrapping phase.

        This probably means that you are not using fork to start your
        child processes and you have forgotten to use the proper idiom
        in the main module:

            if __name__ == '__main__':
                freeze_support()
                ...

        The "freeze_support()" line can be omitted if the program
        is not going to be frozen to produce an executable.

        To fix this issue, refer to the "Safe importing of main module"
        section in https://docs.python.org/3/library/multiprocessing.html
        
