WARNING (pytensor.configdefaults): g++ not available, if using conda: `conda install gxx`
WARNING (pytensor.configdefaults): g++ not detected!  PyTensor will be unable to compile C-implementations and will default to Python. Performance may be severely degraded. To remove this warning, set PyTensor flags cxx to an empty string.
Initializing NUTS using adapt_diag...
Sequential sampling (2 chains in 1 job)
NUTS: [tau, c, u, mu_tau, rho_tau]
Sampling 2 chains for 400 tune and 400 draw iterations (800 + 800 draws total) took 29 seconds.
We recommend running at least 4 chains for robust computation of convergence diagnostics
The rhat statistic is larger than 1.01 for some parameters. This indicates problems during sampling. See https://arxiv.org/abs/1903.08008 for details
Initializing NUTS using adapt_diag...
Sequential sampling (2 chains in 1 job)
NUTS: [c2, u2, a2, g_knots, phi0, h_r_knots, h_z_knots, rho_x]
Sampling 2 chains for 200 tune and 200 draw iterations (400 + 400 draws total) took 610 seconds.
There were 47 divergences after tuning. Increase `target_accept` or reparameterize.
Chain 0 reached the maximum tree depth. Increase `max_treedepth`, increase `target_accept` or reparameterize.
Chain 1 reached the maximum tree depth. Increase `max_treedepth`, increase `target_accept` or reparameterize.
We recommend running at least 4 chains for robust computation of convergence diagnostics
The rhat statistic is larger than 1.01 for some parameters. This indicates problems during sampling. See https://arxiv.org/abs/1903.08008 for details
The effective sample size per chain is smaller than 100 for some parameters.  A higher number is needed for reliable rhat and ess computation. See https://arxiv.org/abs/1903.08008 for details
Initializing NUTS using adapt_diag...
Sequential sampling (2 chains in 1 job)
NUTS: [c2, u2, a2, g_knots, phi0, h_r_knots, h_z_knots, rho_x]
