WARNING (pytensor.configdefaults): g++ not available, if using conda: `conda install gxx`
WARNING (pytensor.configdefaults): g++ not detected!  PyTensor will be unable to compile C-implementations and will default to Python. Performance may be severely degraded. To remove this warning, set PyTensor flags cxx to an empty string.
Initializing NUTS using adapt_diag...
Sequential sampling (2 chains in 1 job)
NUTS: [tau, c, u, mu_tau, rho_tau]
Sampling 2 chains for 400 tune and 400 draw iterations (800 + 800 draws total) took 34 seconds.
We recommend running at least 4 chains for robust computation of convergence diagnostics
Initializing NUTS using adapt_diag...
Sequential sampling (2 chains in 1 job)
NUTS: [c2, u2, a2, g_knots, phi0, h_r_knots, h_z_knots, rho_x]
Sampling 2 chains for 400 tune and 400 draw iterations (800 + 800 draws total) took 989 seconds.
There were 84 divergences after tuning. Increase `target_accept` or reparameterize.
Chain 0 reached the maximum tree depth. Increase `max_treedepth`, increase `target_accept` or reparameterize.
Chain 1 reached the maximum tree depth. Increase `max_treedepth`, increase `target_accept` or reparameterize.
We recommend running at least 4 chains for robust computation of convergence diagnostics
The rhat statistic is larger than 1.01 for some parameters. This indicates problems during sampling. See https://arxiv.org/abs/1903.08008 for details
The effective sample size per chain is smaller than 100 for some parameters.  A higher number is needed for reliable rhat and ess computation. See https://arxiv.org/abs/1903.08008 for details
tau_idx [ 36 134 233 333 435 535 595]
Layer1 took 53.78552055358887 s
Layer2 took 999.6613972187042 s
normal cos_sim stats: min 0.5140269872817046 median 0.9990364426329965
phase monotonic: True min dphi 0.05725842030632222
radius stats: min 0.9238170782356364 median 0.9969213519201657 expected ~1.0
perp deviation median abs: 0.02162294078730352
e1 norms range: 0.9999999999999998 1.0000000000000002
e2 norms range: 0.9999999999999998 1.0000000000000002
e1.n dot max abs: 1.6653345369377348e-16
e2.n dot max abs: 1.1102230246251565e-16
e2 vs cross(n,e1) max diff: 2.220446049250313e-16
fraction of time near phase 0: 0.03333333333333333 count 19
sigma_x_mean 0.019939420793181884 R_X 1.0016890022016276
ALL LAYER2 CHECKS PASSED
