 WARN Encountered 1 warning while parsing the manifest:
  ⚠ The `project` field is deprecated. Use `workspace` instead.
   ╭─[/home/opher/Repositories/phase-coordinates/pixi.toml:1:1]
 1 │ ╭─▶ [project]
 2 │ │   name = "phase-coordinates"
 3 │ │   version = "0.1.0"
 4 │ │   description = "Cycle-by-cycle PCA phase coordinates for multivariate cyclic motion"
 5 │ │   channels = ["conda-forge"]
 6 │ ├─▶ platforms = ["linux-64"]
   · ╰──── replace this with 'workspace'
 7 │     
   ╰────

Initializing NUTS using adapt_diag...
Sequential sampling (2 chains in 1 job)
NUTS: [tau, c, u, mu_tau, rho_tau]
Sampling 2 chains for 400 tune and 400 draw iterations (800 + 800 draws total) took 9 seconds.
We recommend running at least 4 chains for robust computation of convergence diagnostics
The rhat statistic is larger than 1.01 for some parameters. This indicates problems during sampling. See https://arxiv.org/abs/1903.08008 for details
Initializing NUTS using adapt_diag...
Sequential sampling (2 chains in 1 job)
NUTS: [c2, delta_n, a2, q_knots, h_r_knots, h_z_knots, rho_x]
Sampling 2 chains for 400 tune and 400 draw iterations (800 + 800 draws total) took 412 seconds.
Chain 1 reached the maximum tree depth. Increase `max_treedepth`, increase `target_accept` or reparameterize.
We recommend running at least 4 chains for robust computation of convergence diagnostics
The rhat statistic is larger than 1.01 for some parameters. This indicates problems during sampling. See https://arxiv.org/abs/1903.08008 for details
The effective sample size per chain is smaller than 100 for some parameters.  A higher number is needed for reliable rhat and ess computation. See https://arxiv.org/abs/1903.08008 for details
tau_idx [ 36 134 233 333 435 535 595]
Layer1 took 13.393471479415894 s
Layer2 took 417.87416410446167 s
normal cos_sim stats: min 0.9915239849778605 median 0.9978111351731607
phase monotonic: True min dphi 0.05190441088703679
radius stats: min 0.44588752422687866 median 0.7091304090565816 expected ~1.0
perp deviation median abs: 0.023910255918900204
e1 norms range: 0.9999999999999998 1.0000000000000002
e2 norms range: 0.9999999999999998 1.0000000000000002
e1.n dot max abs: 1.3239409568654992e-14
e2.n dot max abs: 1.1102230246251565e-16
e2 vs cross(n,e1) max diff: 3.3306690738754696e-16
fraction of time near phase 0: 0.0351493848857645 count 20
sigma_x_mean 0.4670780769631009 R_X 1.0016890022016276
ALL LAYER2 CHECKS PASSED
