Initializing NUTS using adapt_diag...
Sequential sampling (2 chains in 1 job)
NUTS: [tau, c, u, mu_tau, rho_tau]
Sampling 2 chains for 400 tune and 400 draw iterations (800 + 800 draws total) took 2 seconds.
We recommend running at least 4 chains for robust computation of convergence diagnostics
The rhat statistic is larger than 1.01 for some parameters. This indicates problems during sampling. See https://arxiv.org/abs/1903.08008 for details
Initializing NUTS using adapt_diag...
Sequential sampling (2 chains in 1 job)
NUTS: [c2, delta_n, a2, q_knots, h_r_knots, h_z_knots, rho_x]
Sampling 2 chains for 1_000 tune and 400 draw iterations (2_000 + 800 draws total) took 763 seconds.
There were 40 divergences after tuning. Increase `target_accept` or reparameterize.
Chain 1 reached the maximum tree depth. Increase `max_treedepth`, increase `target_accept` or reparameterize.
We recommend running at least 4 chains for robust computation of convergence diagnostics
The rhat statistic is larger than 1.01 for some parameters. This indicates problems during sampling. See https://arxiv.org/abs/1903.08008 for details
The effective sample size per chain is smaller than 100 for some parameters.  A higher number is needed for reliable rhat and ess computation. See https://arxiv.org/abs/1903.08008 for details
tau_idx [ 36 134 233 333 435 535 595]
Layer1 took 3.2512571811676025 s
Layer2 took 766.6619729995728 s
normal cos_sim stats: min 0.9928341180854637 median 0.9993419496231393
phase monotonic: True min dphi 0.04132098518310556
radius stats: min 0.3607927588659595 median 1.2513285339349924 expected ~1.0
perp deviation median abs: 0.03346158307509187
e1 norms range: 0.9999999999999998 1.0000000000000002
e2 norms range: 0.9999999999999998 1.0000000000000002
e1.n dot max abs: 2.5673907444456745e-15
e2.n dot max abs: 1.1102230246251565e-16
e2 vs cross(n,e1) max diff: 2.220446049250313e-16
radius median (tight check): 1.2513285339349924 — want > 0.85
Traceback (most recent call last):
  File "/home/opher/Repositories/phase-coordinates/docs/debug/scripts/test_layer2_tune1000.py", line 110, in <module>
    main()
  File "/home/opher/Repositories/phase-coordinates/docs/debug/scripts/test_layer2_tune1000.py", line 91, in main
    assert 0.85 < np.median(layer2.radius_mean) < 1.15, (
           ^^^^^^^^^^^^^^^^^^^^^^^^^^^^^^^^^^^^^^^^^^^
AssertionError: Radius median 1.251 still far from expected ~1.0 even with tune=1000; amplitude parameters may need further investigation.
